
Running jsHarmony Factory DB Creation Scripts

Initialize client portal?
1) Yes
2) No
1
Fri, 17 Jul 2026 17:56:26 GMT express:application set "x-powered-by" to true
Fri, 17 Jul 2026 17:56:26 GMT express:application set "etag" to 'weak'
Fri, 17 Jul 2026 17:56:26 GMT express:application set "etag fn" to [Function: generateETag]
Fri, 17 Jul 2026 17:56:26 GMT express:application set "env" to 'development'
Fri, 17 Jul 2026 17:56:26 GMT express:application set "query parser" to 'extended'
Fri, 17 Jul 2026 17:56:26 GMT express:application set "query parser fn" to [Function: parseExtendedQueryString]
Fri, 17 Jul 2026 17:56:26 GMT express:application set "subdomain offset" to 2
Fri, 17 Jul 2026 17:56:26 GMT express:application set "trust proxy" to false
Fri, 17 Jul 2026 17:56:26 GMT express:application set "trust proxy fn" to [Function: trustNone]
Fri, 17 Jul 2026 17:56:26 GMT express:application booting in development mode
Fri, 17 Jul 2026 17:56:26 GMT express:application set "view" to [Function: View]
Fri, 17 Jul 2026 17:56:26 GMT express:application set "views" to '/Users/neil/Documents/jsharmony-nba/views'
Fri, 17 Jul 2026 17:56:26 GMT express:application set "jsonp callback name" to 'callback'
Fri, 17 Jul 2026 17:56:26 GMT express:router use '/' query
Fri, 17 Jul 2026 17:56:26 GMT express:router:layer new '/'
Fri, 17 Jul 2026 17:56:26 GMT express:router use '/' expressInit
Fri, 17 Jul 2026 17:56:26 GMT express:router:layer new '/'
Fri, 17 Jul 2026 17:56:26 GMT express:router use '/' jsonParser
Fri, 17 Jul 2026 17:56:26 GMT express:router:layer new '/'
Fri, 17 Jul 2026 17:56:26 GMT express:router use '/' urlencodedParser
Fri, 17 Jul 2026 17:56:26 GMT express:router:layer new '/'
Fri, 17 Jul 2026 17:56:26 GMT express:router use '/' compression
Fri, 17 Jul 2026 17:56:26 GMT express:router:layer new '/'
Fri, 17 Jul 2026 17:56:26 GMT express:router use '/' <anonymous>
Fri, 17 Jul 2026 17:56:26 GMT express:router:layer new '/'
Fri, 17 Jul 2026 17:56:26 GMT express:router use '/' <anonymous>
Fri, 17 Jul 2026 17:56:26 GMT express:router:layer new '/'
Fri, 17 Jul 2026 17:56:26 GMT express:router use '/cmsfiles' serveStatic
Fri, 17 Jul 2026 17:56:26 GMT express:router:layer new '/cmsfiles'
Fri, 17 Jul 2026 17:56:26 GMT express:router use '/' <anonymous>
Fri, 17 Jul 2026 17:56:26 GMT express:router:layer new '/'
Fri, 17 Jul 2026 17:56:26 GMT express:router use '/' <anonymous>
Fri, 17 Jul 2026 17:56:26 GMT express:router:layer new '/'
Fri, 17 Jul 2026 17:56:26 GMT express:application set "view engine" to 'ejs'
Fri, 17 Jul 2026 17:56:26 GMT express:router use '/' <anonymous>
Fri, 17 Jul 2026 17:56:26 GMT express:router:layer new '/'
Fri, 17 Jul 2026 17:56:26 GMT express:router:route new /^\/client$/
Fri, 17 Jul 2026 17:56:26 GMT express:router:layer new /^\/client$/
Fri, 17 Jul 2026 17:56:26 GMT express:router:route get /^\/client$/ { fast_star: false, fast_slash: false }
Fri, 17 Jul 2026 17:56:26 GMT express:router:layer new '/'
Fri, 17 Jul 2026 17:56:26 GMT express:router use '/client' cookieParser
Fri, 17 Jul 2026 17:56:26 GMT express:router:layer new '/client'
Fri, 17 Jul 2026 17:56:26 GMT express:router:route new '/client/login'
Fri, 17 Jul 2026 17:56:26 GMT express:router:layer new '/client/login'
Fri, 17 Jul 2026 17:56:26 GMT express:router:route acl '/client/login'
Fri, 17 Jul 2026 17:56:26 GMT express:router:layer new '/'
Fri, 17 Jul 2026 17:56:26 GMT express:router:route bind '/client/login'
Fri, 17 Jul 2026 17:56:26 GMT express:router:layer new '/'
Fri, 17 Jul 2026 17:56:26 GMT express:router:route checkout '/client/login'
Fri, 17 Jul 2026 17:56:26 GMT express:router:layer new '/'
Fri, 17 Jul 2026 17:56:26 GMT express:router:route connect '/client/login'
Fri, 17 Jul 2026 17:56:26 GMT express:router:layer new '/'
Fri, 17 Jul 2026 17:56:26 GMT express:router:route copy '/client/login'
Fri, 17 Jul 2026 17:56:26 GMT express:router:layer new '/'
Fri, 17 Jul 2026 17:56:26 GMT express:router:route delete '/client/login'
Fri, 17 Jul 2026 17:56:26 GMT express:router:layer new '/'
Fri, 17 Jul 2026 17:56:26 GMT express:router:route get '/client/login'
Fri, 17 Jul 2026 17:56:26 GMT express:router:layer new '/'
Fri, 17 Jul 2026 17:56:26 GMT express:router:route head '/client/login'
Fri, 17 Jul 2026 17:56:26 GMT express:router:layer new '/'
Fri, 17 Jul 2026 17:56:26 GMT express:router:route link '/client/login'
Fri, 17 Jul 2026 17:56:26 GMT express:router:layer new '/'
Fri, 17 Jul 2026 17:56:26 GMT express:router:route lock '/client/login'
Fri, 17 Jul 2026 17:56:26 GMT express:router:layer new '/'
Fri, 17 Jul 2026 17:56:26 GMT express:router:route m-search '/client/login'
Fri, 17 Jul 2026 17:56:26 GMT express:router:layer new '/'
Fri, 17 Jul 2026 17:56:26 GMT express:router:route merge '/client/login'
Fri, 17 Jul 2026 17:56:26 GMT express:router:layer new '/'
Fri, 17 Jul 2026 17:56:26 GMT express:router:route mkactivity '/client/login'
Fri, 17 Jul 2026 17:56:26 GMT express:router:layer new '/'
Fri, 17 Jul 2026 17:56:26 GMT express:router:route mkcalendar '/client/login'
Fri, 17 Jul 2026 17:56:26 GMT express:router:layer new '/'
Fri, 17 Jul 2026 17:56:26 GMT express:router:route mkcol '/client/login'
Fri, 17 Jul 2026 17:56:26 GMT express:router:layer new '/'
Fri, 17 Jul 2026 17:56:26 GMT express:router:route move '/client/login'
Fri, 17 Jul 2026 17:56:26 GMT express:router:layer new '/'
Fri, 17 Jul 2026 17:56:26 GMT express:router:route notify '/client/login'
Fri, 17 Jul 2026 17:56:26 GMT express:router:layer new '/'
Fri, 17 Jul 2026 17:56:26 GMT express:router:route options '/client/login'
Fri, 17 Jul 2026 17:56:26 GMT express:router:layer new '/'
Fri, 17 Jul 2026 17:56:26 GMT express:router:route patch '/client/login'
Fri, 17 Jul 2026 17:56:26 GMT express:router:layer new '/'
Fri, 17 Jul 2026 17:56:26 GMT express:router:route post '/client/login'
Fri, 17 Jul 2026 17:56:26 GMT express:router:layer new '/'
Fri, 17 Jul 2026 17:56:26 GMT express:router:route propfind '/client/login'
Fri, 17 Jul 2026 17:56:26 GMT express:router:layer new '/'
Fri, 17 Jul 2026 17:56:26 GMT express:router:route proppatch '/client/login'
Fri, 17 Jul 2026 17:56:26 GMT express:router:layer new '/'
Fri, 17 Jul 2026 17:56:26 GMT express:router:route purge '/client/login'
Fri, 17 Jul 2026 17:56:26 GMT express:router:layer new '/'
Fri, 17 Jul 2026 17:56:26 GMT express:router:route put '/client/login'
Fri, 17 Jul 2026 17:56:26 GMT express:router:layer new '/'
Fri, 17 Jul 2026 17:56:26 GMT express:router:route rebind '/client/login'
Fri, 17 Jul 2026 17:56:26 GMT express:router:layer new '/'
Fri, 17 Jul 2026 17:56:26 GMT express:router:route report '/client/login'
Fri, 17 Jul 2026 17:56:26 GMT express:router:layer new '/'
Fri, 17 Jul 2026 17:56:26 GMT express:router:route search '/client/login'
Fri, 17 Jul 2026 17:56:26 GMT express:router:layer new '/'
Fri, 17 Jul 2026 17:56:26 GMT express:router:route source '/client/login'
Fri, 17 Jul 2026 17:56:26 GMT express:router:layer new '/'
Fri, 17 Jul 2026 17:56:26 GMT express:router:route subscribe '/client/login'
Fri, 17 Jul 2026 17:56:26 GMT express:router:layer new '/'
Fri, 17 Jul 2026 17:56:26 GMT express:router:route trace '/client/login'
Fri, 17 Jul 2026 17:56:26 GMT express:router:layer new '/'
Fri, 17 Jul 2026 17:56:26 GMT express:router:route unbind '/client/login'
Fri, 17 Jul 2026 17:56:26 GMT express:router:layer new '/'
Fri, 17 Jul 2026 17:56:26 GMT express:router:route unlink '/client/login'
Fri, 17 Jul 2026 17:56:26 GMT express:router:layer new '/'
Fri, 17 Jul 2026 17:56:26 GMT express:router:route unlock '/client/login'
Fri, 17 Jul 2026 17:56:26 GMT express:router:layer new '/'
Fri, 17 Jul 2026 17:56:26 GMT express:router:route unsubscribe '/client/login'
Fri, 17 Jul 2026 17:56:26 GMT express:router:layer new '/'
Fri, 17 Jul 2026 17:56:26 GMT express:router:route new '/client/login/forgot_password'
Fri, 17 Jul 2026 17:56:26 GMT express:router:layer new '/client/login/forgot_password'
Fri, 17 Jul 2026 17:56:26 GMT express:router:route acl '/client/login/forgot_password'
Fri, 17 Jul 2026 17:56:26 GMT express:router:layer new '/'
Fri, 17 Jul 2026 17:56:26 GMT express:router:route bind '/client/login/forgot_password'
Fri, 17 Jul 2026 17:56:26 GMT express:router:layer new '/'
Fri, 17 Jul 2026 17:56:26 GMT express:router:route checkout '/client/login/forgot_password'
Fri, 17 Jul 2026 17:56:26 GMT express:router:layer new '/'
Fri, 17 Jul 2026 17:56:26 GMT express:router:route connect '/client/login/forgot_password'
Fri, 17 Jul 2026 17:56:26 GMT express:router:layer new '/'
Fri, 17 Jul 2026 17:56:26 GMT express:router:route copy '/client/login/forgot_password'
Fri, 17 Jul 2026 17:56:26 GMT express:router:layer new '/'
Fri, 17 Jul 2026 17:56:26 GMT express:router:route delete '/client/login/forgot_password'
Fri, 17 Jul 2026 17:56:26 GMT express:router:layer new '/'
Fri, 17 Jul 2026 17:56:26 GMT express:router:route get '/client/login/forgot_password'
Fri, 17 Jul 2026 17:56:26 GMT express:router:layer new '/'
Fri, 17 Jul 2026 17:56:26 GMT express:router:route head '/client/login/forgot_password'
Fri, 17 Jul 2026 17:56:26 GMT express:router:layer new '/'
Fri, 17 Jul 2026 17:56:26 GMT express:router:route link '/client/login/forgot_password'
Fri, 17 Jul 2026 17:56:26 GMT express:router:layer new '/'
Fri, 17 Jul 2026 17:56:26 GMT express:router:route lock '/client/login/forgot_password'
Fri, 17 Jul 2026 17:56:26 GMT express:router:layer new '/'
Fri, 17 Jul 2026 17:56:26 GMT express:router:route m-search '/client/login/forgot_password'
Fri, 17 Jul 2026 17:56:26 GMT express:router:layer new '/'
Fri, 17 Jul 2026 17:56:26 GMT express:router:route merge '/client/login/forgot_password'
Fri, 17 Jul 2026 17:56:26 GMT express:router:layer new '/'
Fri, 17 Jul 2026 17:56:26 GMT express:router:route mkactivity '/client/login/forgot_password'
Fri, 17 Jul 2026 17:56:26 GMT express:router:layer new '/'
Fri, 17 Jul 2026 17:56:26 GMT express:router:route mkcalendar '/client/login/forgot_password'
Fri, 17 Jul 2026 17:56:26 GMT express:router:layer new '/'
Fri, 17 Jul 2026 17:56:26 GMT express:router:route mkcol '/client/login/forgot_password'
Fri, 17 Jul 2026 17:56:26 GMT express:router:layer new '/'
Fri, 17 Jul 2026 17:56:26 GMT express:router:route move '/client/login/forgot_password'
Fri, 17 Jul 2026 17:56:26 GMT express:router:layer new '/'
Fri, 17 Jul 2026 17:56:26 GMT express:router:route notify '/client/login/forgot_password'
Fri, 17 Jul 2026 17:56:26 GMT express:router:layer new '/'
Fri, 17 Jul 2026 17:56:26 GMT express:router:route options '/client/login/forgot_password'
Fri, 17 Jul 2026 17:56:26 GMT express:router:layer new '/'
Fri, 17 Jul 2026 17:56:26 GMT express:router:route patch '/client/login/forgot_password'
Fri, 17 Jul 2026 17:56:26 GMT express:router:layer new '/'
Fri, 17 Jul 2026 17:56:26 GMT express:router:route post '/client/login/forgot_password'
Fri, 17 Jul 2026 17:56:26 GMT express:router:layer new '/'
Fri, 17 Jul 2026 17:56:26 GMT express:router:route propfind '/client/login/forgot_password'
Fri, 17 Jul 2026 17:56:26 GMT express:router:layer new '/'
Fri, 17 Jul 2026 17:56:26 GMT express:router:route proppatch '/client/login/forgot_password'
Fri, 17 Jul 2026 17:56:26 GMT express:router:layer new '/'
Fri, 17 Jul 2026 17:56:26 GMT express:router:route purge '/client/login/forgot_password'
Fri, 17 Jul 2026 17:56:26 GMT express:router:layer new '/'
Fri, 17 Jul 2026 17:56:26 GMT express:router:route put '/client/login/forgot_password'
Fri, 17 Jul 2026 17:56:26 GMT express:router:layer new '/'
Fri, 17 Jul 2026 17:56:26 GMT express:router:route rebind '/client/login/forgot_password'
Fri, 17 Jul 2026 17:56:26 GMT express:router:layer new '/'
Fri, 17 Jul 2026 17:56:26 GMT express:router:route report '/client/login/forgot_password'
Fri, 17 Jul 2026 17:56:26 GMT express:router:layer new '/'
Fri, 17 Jul 2026 17:56:26 GMT express:router:route search '/client/login/forgot_password'
Fri, 17 Jul 2026 17:56:26 GMT express:router:layer new '/'
Fri, 17 Jul 2026 17:56:26 GMT express:router:route source '/client/login/forgot_password'
Fri, 17 Jul 2026 17:56:26 GMT express:router:layer new '/'
Fri, 17 Jul 2026 17:56:26 GMT express:router:route subscribe '/client/login/forgot_password'
Fri, 17 Jul 2026 17:56:26 GMT express:router:layer new '/'
Fri, 17 Jul 2026 17:56:26 GMT express:router:route trace '/client/login/forgot_password'
Fri, 17 Jul 2026 17:56:26 GMT express:router:layer new '/'
Fri, 17 Jul 2026 17:56:26 GMT express:router:route unbind '/client/login/forgot_password'
Fri, 17 Jul 2026 17:56:26 GMT express:router:layer new '/'
Fri, 17 Jul 2026 17:56:26 GMT express:router:route unlink '/client/login/forgot_password'
Fri, 17 Jul 2026 17:56:26 GMT express:router:layer new '/'
Fri, 17 Jul 2026 17:56:26 GMT express:router:route unlock '/client/login/forgot_password'
Fri, 17 Jul 2026 17:56:26 GMT express:router:layer new '/'
Fri, 17 Jul 2026 17:56:26 GMT express:router:route unsubscribe '/client/login/forgot_password'
Fri, 17 Jul 2026 17:56:26 GMT express:router:layer new '/'
Fri, 17 Jul 2026 17:56:26 GMT express:router:route new '/client/logout'
Fri, 17 Jul 2026 17:56:26 GMT express:router:layer new '/client/logout'
Fri, 17 Jul 2026 17:56:26 GMT express:router:route acl '/client/logout'
Fri, 17 Jul 2026 17:56:26 GMT express:router:layer new '/'
Fri, 17 Jul 2026 17:56:26 GMT express:router:route bind '/client/logout'
Fri, 17 Jul 2026 17:56:26 GMT express:router:layer new '/'
Fri, 17 Jul 2026 17:56:26 GMT express:router:route checkout '/client/logout'
Fri, 17 Jul 2026 17:56:26 GMT express:router:layer new '/'
Fri, 17 Jul 2026 17:56:26 GMT express:router:route connect '/client/logout'
Fri, 17 Jul 2026 17:56:26 GMT express:router:layer new '/'
Fri, 17 Jul 2026 17:56:26 GMT express:router:route copy '/client/logout'
Fri, 17 Jul 2026 17:56:26 GMT express:router:layer new '/'
Fri, 17 Jul 2026 17:56:26 GMT express:router:route delete '/client/logout'
Fri, 17 Jul 2026 17:56:26 GMT express:router:layer new '/'
Fri, 17 Jul 2026 17:56:26 GMT express:router:route get '/client/logout'
Fri, 17 Jul 2026 17:56:26 GMT express:router:layer new '/'
Fri, 17 Jul 2026 17:56:26 GMT express:router:route head '/client/logout'
Fri, 17 Jul 2026 17:56:26 GMT express:router:layer new '/'
Fri, 17 Jul 2026 17:56:26 GMT express:router:route link '/client/logout'
Fri, 17 Jul 2026 17:56:26 GMT express:router:layer new '/'
Fri, 17 Jul 2026 17:56:26 GMT express:router:route lock '/client/logout'
Fri, 17 Jul 2026 17:56:26 GMT express:router:layer new '/'
Fri, 17 Jul 2026 17:56:26 GMT express:router:route m-search '/client/logout'
Fri, 17 Jul 2026 17:56:26 GMT express:router:layer new '/'
Fri, 17 Jul 2026 17:56:26 GMT express:router:route merge '/client/logout'
Fri, 17 Jul 2026 17:56:26 GMT express:router:layer new '/'
Fri, 17 Jul 2026 17:56:26 GMT express:router:route mkactivity '/client/logout'
Fri, 17 Jul 2026 17:56:26 GMT express:router:layer new '/'
Fri, 17 Jul 2026 17:56:26 GMT express:router:route mkcalendar '/client/logout'
Fri, 17 Jul 2026 17:56:26 GMT express:router:layer new '/'
Fri, 17 Jul 2026 17:56:26 GMT express:router:route mkcol '/client/logout'
Fri, 17 Jul 2026 17:56:26 GMT express:router:layer new '/'
Fri, 17 Jul 2026 17:56:26 GMT express:router:route move '/client/logout'
Fri, 17 Jul 2026 17:56:26 GMT express:router:layer new '/'
Fri, 17 Jul 2026 17:56:26 GMT express:router:route notify '/client/logout'
Fri, 17 Jul 2026 17:56:26 GMT express:router:layer new '/'
Fri, 17 Jul 2026 17:56:26 GMT express:router:route options '/client/logout'
Fri, 17 Jul 2026 17:56:26 GMT express:router:layer new '/'
Fri, 17 Jul 2026 17:56:26 GMT express:router:route patch '/client/logout'
Fri, 17 Jul 2026 17:56:26 GMT express:router:layer new '/'
Fri, 17 Jul 2026 17:56:26 GMT express:router:route post '/client/logout'
Fri, 17 Jul 2026 17:56:26 GMT express:router:layer new '/'
Fri, 17 Jul 2026 17:56:26 GMT express:router:route propfind '/client/logout'
Fri, 17 Jul 2026 17:56:26 GMT express:router:layer new '/'
Fri, 17 Jul 2026 17:56:26 GMT express:router:route proppatch '/client/logout'
Fri, 17 Jul 2026 17:56:26 GMT express:router:layer new '/'
Fri, 17 Jul 2026 17:56:26 GMT express:router:route purge '/client/logout'
Fri, 17 Jul 2026 17:56:26 GMT express:router:layer new '/'
Fri, 17 Jul 2026 17:56:26 GMT express:router:route put '/client/logout'
Fri, 17 Jul 2026 17:56:26 GMT express:router:layer new '/'
Fri, 17 Jul 2026 17:56:26 GMT express:router:route rebind '/client/logout'
Fri, 17 Jul 2026 17:56:26 GMT express:router:layer new '/'
Fri, 17 Jul 2026 17:56:26 GMT express:router:route report '/client/logout'
Fri, 17 Jul 2026 17:56:26 GMT express:router:layer new '/'
Fri, 17 Jul 2026 17:56:26 GMT express:router:route search '/client/logout'
Fri, 17 Jul 2026 17:56:26 GMT express:router:layer new '/'
Fri, 17 Jul 2026 17:56:26 GMT express:router:route source '/client/logout'
Fri, 17 Jul 2026 17:56:26 GMT express:router:layer new '/'
Fri, 17 Jul 2026 17:56:26 GMT express:router:route subscribe '/client/logout'
Fri, 17 Jul 2026 17:56:26 GMT express:router:layer new '/'
Fri, 17 Jul 2026 17:56:26 GMT express:router:route trace '/client/logout'
Fri, 17 Jul 2026 17:56:26 GMT express:router:layer new '/'
Fri, 17 Jul 2026 17:56:26 GMT express:router:route unbind '/client/logout'
Fri, 17 Jul 2026 17:56:26 GMT express:router:layer new '/'
Fri, 17 Jul 2026 17:56:26 GMT express:router:route unlink '/client/logout'
Fri, 17 Jul 2026 17:56:26 GMT express:router:layer new '/'
Fri, 17 Jul 2026 17:56:26 GMT express:router:route unlock '/client/logout'
Fri, 17 Jul 2026 17:56:26 GMT express:router:layer new '/'
Fri, 17 Jul 2026 17:56:26 GMT express:router:route unsubscribe '/client/logout'
Fri, 17 Jul 2026 17:56:26 GMT express:router:layer new '/'
Fri, 17 Jul 2026 17:56:26 GMT express:router:route new '*'
Fri, 17 Jul 2026 17:56:26 GMT express:router:layer new '*'
Fri, 17 Jul 2026 17:56:26 GMT express:router:layer new '/'
Fri, 17 Jul 2026 17:56:26 GMT express:router:route new '*'
Fri, 17 Jul 2026 17:56:26 GMT express:router:layer new '*'
Fri, 17 Jul 2026 17:56:26 GMT express:router:layer new '/'
Fri, 17 Jul 2026 17:56:26 GMT express:router:route new '/login'
Fri, 17 Jul 2026 17:56:26 GMT express:router:layer new '/login'
Fri, 17 Jul 2026 17:56:26 GMT express:router:layer new '/'
Fri, 17 Jul 2026 17:56:26 GMT express:router:route new '/login/forgot_password'
Fri, 17 Jul 2026 17:56:26 GMT express:router:layer new '/login/forgot_password'
Fri, 17 Jul 2026 17:56:26 GMT express:router:layer new '/'
Fri, 17 Jul 2026 17:56:26 GMT express:router:route new '/login/forgot_password_reset'
Fri, 17 Jul 2026 17:56:26 GMT express:router:layer new '/login/forgot_password_reset'
Fri, 17 Jul 2026 17:56:26 GMT express:router:layer new '/'
Fri, 17 Jul 2026 17:56:26 GMT express:router:route new '/application.css'
Fri, 17 Jul 2026 17:56:26 GMT express:router:layer new '/application.css'
Fri, 17 Jul 2026 17:56:26 GMT express:router:route get '/application.css'
Fri, 17 Jul 2026 17:56:26 GMT express:router:layer new '/'
Fri, 17 Jul 2026 17:56:26 GMT express:router:route new '*'
Fri, 17 Jul 2026 17:56:26 GMT express:router:layer new '*'
Fri, 17 Jul 2026 17:56:26 GMT express:router:layer new '/'
Fri, 17 Jul 2026 17:56:26 GMT express:router:route new '*'
Fri, 17 Jul 2026 17:56:26 GMT express:router:layer new '*'
Fri, 17 Jul 2026 17:56:26 GMT express:router:layer new '/'
Fri, 17 Jul 2026 17:56:26 GMT express:router:route new '/logout'
Fri, 17 Jul 2026 17:56:26 GMT express:router:layer new '/logout'
Fri, 17 Jul 2026 17:56:26 GMT express:router:route get '/logout'
Fri, 17 Jul 2026 17:56:26 GMT express:router:layer new '/'
Fri, 17 Jul 2026 17:56:26 GMT express:router:route new '/application.js'
Fri, 17 Jul 2026 17:56:26 GMT express:router:layer new '/application.js'
Fri, 17 Jul 2026 17:56:26 GMT express:router:route get '/application.js'
Fri, 17 Jul 2026 17:56:26 GMT express:router:layer new '/'
Fri, 17 Jul 2026 17:56:26 GMT express:router:route new /^\/js\/jsHarmony.render.js/
Fri, 17 Jul 2026 17:56:26 GMT express:router:layer new /^\/js\/jsHarmony.render.js/
Fri, 17 Jul 2026 17:56:26 GMT express:router:route get /^\/js\/jsHarmony.render.js/ { fast_star: false, fast_slash: false }
Fri, 17 Jul 2026 17:56:26 GMT express:router:layer new '/'
Fri, 17 Jul 2026 17:56:26 GMT express:router:route new /^\/js\/jsHarmony.loader.js/
Fri, 17 Jul 2026 17:56:26 GMT express:router:layer new /^\/js\/jsHarmony.loader.js/
Fri, 17 Jul 2026 17:56:26 GMT express:router:route get /^\/js\/jsHarmony.loader.js/ { fast_star: false, fast_slash: false }
Fri, 17 Jul 2026 17:56:26 GMT express:router:layer new '/'
Fri, 17 Jul 2026 17:56:26 GMT express:router:route new '/agreement/'
Fri, 17 Jul 2026 17:56:26 GMT express:router:layer new '/agreement/'
Fri, 17 Jul 2026 17:56:26 GMT express:router:layer new '/'
Fri, 17 Jul 2026 17:56:26 GMT express:router:route new '/agreement/_sign'
Fri, 17 Jul 2026 17:56:26 GMT express:router:layer new '/agreement/_sign'
Fri, 17 Jul 2026 17:56:26 GMT express:router:layer new '/'
Fri, 17 Jul 2026 17:56:26 GMT express:router:route new '*'
Fri, 17 Jul 2026 17:56:26 GMT express:router:layer new '*'
Fri, 17 Jul 2026 17:56:26 GMT express:router:layer new '/'
Fri, 17 Jul 2026 17:56:26 GMT express:router:route new '/agreement/welcome/'
Fri, 17 Jul 2026 17:56:26 GMT express:router:layer new '/agreement/welcome/'
Fri, 17 Jul 2026 17:56:26 GMT express:router:layer new '/'
Fri, 17 Jul 2026 17:56:26 GMT express:router:route new '/_d/_transaction/'
Fri, 17 Jul 2026 17:56:26 GMT express:router:layer new '/_d/_transaction/'
Fri, 17 Jul 2026 17:56:26 GMT express:router:layer new '/'
Fri, 17 Jul 2026 17:56:26 GMT express:router:route new '*'
Fri, 17 Jul 2026 17:56:26 GMT express:router:layer new '*'
Fri, 17 Jul 2026 17:56:26 GMT express:router:layer new '/'
Fri, 17 Jul 2026 17:56:26 GMT express:router:route new '/_ul/clear'
Fri, 17 Jul 2026 17:56:26 GMT express:router:layer new '/_ul/clear'
Fri, 17 Jul 2026 17:56:26 GMT express:router:route post '/_ul/clear'
Fri, 17 Jul 2026 17:56:26 GMT express:router:layer new '/'
Fri, 17 Jul 2026 17:56:26 GMT express:router:route new '/_ul/ckeditor'
Fri, 17 Jul 2026 17:56:26 GMT express:router:layer new '/_ul/ckeditor'
Fri, 17 Jul 2026 17:56:26 GMT express:router:route post '/_ul/ckeditor'
Fri, 17 Jul 2026 17:56:26 GMT express:router:layer new '/'
Fri, 17 Jul 2026 17:56:26 GMT express:router:route new '/_ul/'
Fri, 17 Jul 2026 17:56:26 GMT express:router:layer new '/_ul/'
Fri, 17 Jul 2026 17:56:26 GMT express:router:route post '/_ul/'
Fri, 17 Jul 2026 17:56:26 GMT express:router:layer new '/'
Fri, 17 Jul 2026 17:56:26 GMT express:router:route new '/_ul/json'
Fri, 17 Jul 2026 17:56:26 GMT express:router:layer new '/_ul/json'
Fri, 17 Jul 2026 17:56:26 GMT express:router:route post '/_ul/json'
Fri, 17 Jul 2026 17:56:26 GMT express:router:layer new '/'
Fri, 17 Jul 2026 17:56:26 GMT express:router:route new '/_dl/_temp/:keyid'
Fri, 17 Jul 2026 17:56:26 GMT express:router:layer new '/_dl/_temp/:keyid'
Fri, 17 Jul 2026 17:56:26 GMT express:router:route get '/_dl/_temp/:keyid'
Fri, 17 Jul 2026 17:56:26 GMT express:router:layer new '/'
Fri, 17 Jul 2026 17:56:26 GMT express:router:route new /^\/_dl\/(.*)\/([^/]*)\/([^/]*)/
Fri, 17 Jul 2026 17:56:26 GMT express:router:layer new /^\/_dl\/(.*)\/([^/]*)\/([^/]*)/
Fri, 17 Jul 2026 17:56:26 GMT express:router:route get /^\/_dl\/(.*)\/([^/]*)\/([^/]*)/ { fast_star: false, fast_slash: false }
Fri, 17 Jul 2026 17:56:26 GMT express:router:layer new '/'
Fri, 17 Jul 2026 17:56:26 GMT express:router:route new '/_token'
Fri, 17 Jul 2026 17:56:26 GMT express:router:layer new '/_token'
Fri, 17 Jul 2026 17:56:26 GMT express:router:route get '/_token'
Fri, 17 Jul 2026 17:56:26 GMT express:router:layer new '/'
Fri, 17 Jul 2026 17:56:26 GMT express:router:route new '/_d/_transaction'
Fri, 17 Jul 2026 17:56:26 GMT express:router:layer new '/_d/_transaction'
Fri, 17 Jul 2026 17:56:26 GMT express:router:route post '/_d/_transaction'
Fri, 17 Jul 2026 17:56:26 GMT express:router:layer new '/'
Fri, 17 Jul 2026 17:56:26 GMT express:router:route new /^\/_d\/_report\/(.*)/
Fri, 17 Jul 2026 17:56:26 GMT express:router:layer new /^\/_d\/_report\/(.*)/
Fri, 17 Jul 2026 17:56:26 GMT express:router:route get /^\/_d\/_report\/(.*)/ { fast_star: false, fast_slash: false }
Fri, 17 Jul 2026 17:56:26 GMT express:router:layer new '/'
Fri, 17 Jul 2026 17:56:26 GMT express:router:route new /^\/_d\/_report_download\/(.*)/
Fri, 17 Jul 2026 17:56:26 GMT express:router:layer new /^\/_d\/_report_download\/(.*)/
Fri, 17 Jul 2026 17:56:26 GMT express:router:route get /^\/_d\/_report_download\/(.*)/ { fast_star: false, fast_slash: false }
Fri, 17 Jul 2026 17:56:26 GMT express:router:layer new '/'
Fri, 17 Jul 2026 17:56:26 GMT express:router:route new /^\/_d\/_report_html\/(.*)/
Fri, 17 Jul 2026 17:56:26 GMT express:router:layer new /^\/_d\/_report_html\/(.*)/
Fri, 17 Jul 2026 17:56:26 GMT express:router:route get /^\/_d\/_report_html\/(.*)/ { fast_star: false, fast_slash: false }
Fri, 17 Jul 2026 17:56:26 GMT express:router:layer new '/'
Fri, 17 Jul 2026 17:56:26 GMT express:router:route new /^\/_d\/_reportjob\/(.*)/
Fri, 17 Jul 2026 17:56:26 GMT express:router:layer new /^\/_d\/_reportjob\/(.*)/
Fri, 17 Jul 2026 17:56:26 GMT express:router:route get /^\/_d\/_reportjob\/(.*)/ { fast_star: false, fast_slash: false }
Fri, 17 Jul 2026 17:56:26 GMT express:router:layer new '/'
Fri, 17 Jul 2026 17:56:26 GMT express:router:route new /^\/_csv\/(.*)/
Fri, 17 Jul 2026 17:56:26 GMT express:router:layer new /^\/_csv\/(.*)/
Fri, 17 Jul 2026 17:56:26 GMT express:router:route get /^\/_csv\/(.*)/ { fast_star: false, fast_slash: false }
Fri, 17 Jul 2026 17:56:26 GMT express:router:layer new '/'
Fri, 17 Jul 2026 17:56:26 GMT express:router:route new '/_queue/:queueid'
Fri, 17 Jul 2026 17:56:26 GMT express:router:layer new '/_queue/:queueid'
Fri, 17 Jul 2026 17:56:26 GMT express:router:route get '/_queue/:queueid'
Fri, 17 Jul 2026 17:56:26 GMT express:router:layer new '/'
Fri, 17 Jul 2026 17:56:26 GMT express:router:route new '/_queue/:queueid'
Fri, 17 Jul 2026 17:56:26 GMT express:router:layer new '/_queue/:queueid'
Fri, 17 Jul 2026 17:56:26 GMT express:router:route delete '/_queue/:queueid'
Fri, 17 Jul 2026 17:56:26 GMT express:router:layer new '/'
Fri, 17 Jul 2026 17:56:26 GMT express:router:route new /^\/_d\/(.*)/
Fri, 17 Jul 2026 17:56:26 GMT express:router:layer new /^\/_d\/(.*)/
Fri, 17 Jul 2026 17:56:26 GMT express:router:layer new '/'
Fri, 17 Jul 2026 17:56:26 GMT express:router:route new '/'
Fri, 17 Jul 2026 17:56:26 GMT express:router:layer new '/'
Fri, 17 Jul 2026 17:56:26 GMT express:router:route get '/'
Fri, 17 Jul 2026 17:56:26 GMT express:router:layer new '/'
Fri, 17 Jul 2026 17:56:26 GMT express:router:route new /^\/_report\/(.*)/
Fri, 17 Jul 2026 17:56:26 GMT express:router:layer new /^\/_report\/(.*)/
Fri, 17 Jul 2026 17:56:26 GMT express:router:route get /^\/_report\/(.*)/ { fast_star: false, fast_slash: false }
Fri, 17 Jul 2026 17:56:26 GMT express:router:layer new '/'
Fri, 17 Jul 2026 17:56:26 GMT express:router:route new /^\/_model\/(.*)/
Fri, 17 Jul 2026 17:56:26 GMT express:router:layer new /^\/_model\/(.*)/
Fri, 17 Jul 2026 17:56:26 GMT express:router:route get /^\/_model\/(.*)/ { fast_star: false, fast_slash: false }
Fri, 17 Jul 2026 17:56:26 GMT express:router:layer new '/'
Fri, 17 Jul 2026 17:56:26 GMT express:router:route new '/_restart'
Fri, 17 Jul 2026 17:56:26 GMT express:router:layer new '/_restart'
Fri, 17 Jul 2026 17:56:26 GMT express:router:route get '/_restart'
Fri, 17 Jul 2026 17:56:26 GMT express:router:layer new '/'
Fri, 17 Jul 2026 17:56:26 GMT express:router:route new '/_listing'
Fri, 17 Jul 2026 17:56:26 GMT express:router:layer new '/_listing'
Fri, 17 Jul 2026 17:56:26 GMT express:router:route get '/_listing'
Fri, 17 Jul 2026 17:56:26 GMT express:router:layer new '/'
Fri, 17 Jul 2026 17:56:26 GMT express:router:route new '/_js/exec'
Fri, 17 Jul 2026 17:56:26 GMT express:router:layer new '/_js/exec'
Fri, 17 Jul 2026 17:56:26 GMT express:router:route post '/_js/exec'
Fri, 17 Jul 2026 17:56:26 GMT express:router:layer new '/'
Fri, 17 Jul 2026 17:56:26 GMT express:router:route new '/_db/exec'
Fri, 17 Jul 2026 17:56:26 GMT express:router:layer new '/_db/exec'
Fri, 17 Jul 2026 17:56:26 GMT express:router:route post '/_db/exec'
Fri, 17 Jul 2026 17:56:26 GMT express:router:layer new '/'
Fri, 17 Jul 2026 17:56:26 GMT express:router:route new /^\/_debug\/(.*)/
Fri, 17 Jul 2026 17:56:26 GMT express:router:layer new /^\/_debug\/(.*)/
Fri, 17 Jul 2026 17:56:26 GMT express:router:route get /^\/_debug\/(.*)/ { fast_star: false, fast_slash: false }
Fri, 17 Jul 2026 17:56:26 GMT express:router:layer new '/'
Fri, 17 Jul 2026 17:56:26 GMT express:router:route new /^\/(.*)/
Fri, 17 Jul 2026 17:56:26 GMT express:router:layer new /^\/(.*)/
Fri, 17 Jul 2026 17:56:26 GMT express:router:route get /^\/(.*)/ { fast_star: false, fast_slash: false }
Fri, 17 Jul 2026 17:56:26 GMT express:router:layer new '/'
Fri, 17 Jul 2026 17:56:26 GMT express:router:route new '*'
Fri, 17 Jul 2026 17:56:26 GMT express:router:layer new '*'
Fri, 17 Jul 2026 17:56:26 GMT express:router:route get '*'
Fri, 17 Jul 2026 17:56:26 GMT express:router:layer new '/'
Fri, 17 Jul 2026 17:56:26 GMT express:router:route new '*'
Fri, 17 Jul 2026 17:56:26 GMT express:router:layer new '*'
Fri, 17 Jul 2026 17:56:26 GMT express:router:route get '*'
Fri, 17 Jul 2026 17:56:26 GMT express:router:layer new '/'
Fri, 17 Jul 2026 17:56:26 GMT express:router use '/client' router
Fri, 17 Jul 2026 17:56:26 GMT express:router:layer new '/client'
Fri, 17 Jul 2026 17:56:26 GMT express:router use '/' cookieParser
Fri, 17 Jul 2026 17:56:26 GMT express:router:layer new '/'
Fri, 17 Jul 2026 17:56:26 GMT express:router:route new '/login'
Fri, 17 Jul 2026 17:56:26 GMT express:router:layer new '/login'
Fri, 17 Jul 2026 17:56:26 GMT express:router:route acl '/login'
Fri, 17 Jul 2026 17:56:26 GMT express:router:layer new '/'
Fri, 17 Jul 2026 17:56:26 GMT express:router:route bind '/login'
Fri, 17 Jul 2026 17:56:26 GMT express:router:layer new '/'
Fri, 17 Jul 2026 17:56:26 GMT express:router:route checkout '/login'
Fri, 17 Jul 2026 17:56:26 GMT express:router:layer new '/'
Fri, 17 Jul 2026 17:56:26 GMT express:router:route connect '/login'
Fri, 17 Jul 2026 17:56:26 GMT express:router:layer new '/'
Fri, 17 Jul 2026 17:56:26 GMT express:router:route copy '/login'
Fri, 17 Jul 2026 17:56:26 GMT express:router:layer new '/'
Fri, 17 Jul 2026 17:56:26 GMT express:router:route delete '/login'
Fri, 17 Jul 2026 17:56:26 GMT express:router:layer new '/'
Fri, 17 Jul 2026 17:56:26 GMT express:router:route get '/login'
Fri, 17 Jul 2026 17:56:26 GMT express:router:layer new '/'
Fri, 17 Jul 2026 17:56:26 GMT express:router:route head '/login'
Fri, 17 Jul 2026 17:56:26 GMT express:router:layer new '/'
Fri, 17 Jul 2026 17:56:26 GMT express:router:route link '/login'
Fri, 17 Jul 2026 17:56:26 GMT express:router:layer new '/'
Fri, 17 Jul 2026 17:56:26 GMT express:router:route lock '/login'
Fri, 17 Jul 2026 17:56:26 GMT express:router:layer new '/'
Fri, 17 Jul 2026 17:56:26 GMT express:router:route m-search '/login'
Fri, 17 Jul 2026 17:56:26 GMT express:router:layer new '/'
Fri, 17 Jul 2026 17:56:26 GMT express:router:route merge '/login'
Fri, 17 Jul 2026 17:56:26 GMT express:router:layer new '/'
Fri, 17 Jul 2026 17:56:26 GMT express:router:route mkactivity '/login'
Fri, 17 Jul 2026 17:56:26 GMT express:router:layer new '/'
Fri, 17 Jul 2026 17:56:26 GMT express:router:route mkcalendar '/login'
Fri, 17 Jul 2026 17:56:26 GMT express:router:layer new '/'
Fri, 17 Jul 2026 17:56:26 GMT express:router:route mkcol '/login'
Fri, 17 Jul 2026 17:56:26 GMT express:router:layer new '/'
Fri, 17 Jul 2026 17:56:26 GMT express:router:route move '/login'
Fri, 17 Jul 2026 17:56:26 GMT express:router:layer new '/'
Fri, 17 Jul 2026 17:56:26 GMT express:router:route notify '/login'
Fri, 17 Jul 2026 17:56:26 GMT express:router:layer new '/'
Fri, 17 Jul 2026 17:56:26 GMT express:router:route options '/login'
Fri, 17 Jul 2026 17:56:26 GMT express:router:layer new '/'
Fri, 17 Jul 2026 17:56:26 GMT express:router:route patch '/login'
Fri, 17 Jul 2026 17:56:26 GMT express:router:layer new '/'
Fri, 17 Jul 2026 17:56:26 GMT express:router:route post '/login'
Fri, 17 Jul 2026 17:56:26 GMT express:router:layer new '/'
Fri, 17 Jul 2026 17:56:26 GMT express:router:route propfind '/login'
Fri, 17 Jul 2026 17:56:26 GMT express:router:layer new '/'
Fri, 17 Jul 2026 17:56:26 GMT express:router:route proppatch '/login'
Fri, 17 Jul 2026 17:56:26 GMT express:router:layer new '/'
Fri, 17 Jul 2026 17:56:26 GMT express:router:route purge '/login'
Fri, 17 Jul 2026 17:56:26 GMT express:router:layer new '/'
Fri, 17 Jul 2026 17:56:26 GMT express:router:route put '/login'
Fri, 17 Jul 2026 17:56:26 GMT express:router:layer new '/'
Fri, 17 Jul 2026 17:56:26 GMT express:router:route rebind '/login'
Fri, 17 Jul 2026 17:56:26 GMT express:router:layer new '/'
Fri, 17 Jul 2026 17:56:26 GMT express:router:route report '/login'
Fri, 17 Jul 2026 17:56:26 GMT express:router:layer new '/'
Fri, 17 Jul 2026 17:56:26 GMT express:router:route search '/login'
Fri, 17 Jul 2026 17:56:26 GMT express:router:layer new '/'
Fri, 17 Jul 2026 17:56:26 GMT express:router:route source '/login'
Fri, 17 Jul 2026 17:56:26 GMT express:router:layer new '/'
Fri, 17 Jul 2026 17:56:26 GMT express:router:route subscribe '/login'
Fri, 17 Jul 2026 17:56:26 GMT express:router:layer new '/'
Fri, 17 Jul 2026 17:56:26 GMT express:router:route trace '/login'
Fri, 17 Jul 2026 17:56:26 GMT express:router:layer new '/'
Fri, 17 Jul 2026 17:56:26 GMT express:router:route unbind '/login'
Fri, 17 Jul 2026 17:56:26 GMT express:router:layer new '/'
Fri, 17 Jul 2026 17:56:26 GMT express:router:route unlink '/login'
Fri, 17 Jul 2026 17:56:26 GMT express:router:layer new '/'
Fri, 17 Jul 2026 17:56:26 GMT express:router:route unlock '/login'
Fri, 17 Jul 2026 17:56:26 GMT express:router:layer new '/'
Fri, 17 Jul 2026 17:56:26 GMT express:router:route unsubscribe '/login'
Fri, 17 Jul 2026 17:56:26 GMT express:router:layer new '/'
Fri, 17 Jul 2026 17:56:26 GMT express:router:route new '/login/forgot_password'
Fri, 17 Jul 2026 17:56:26 GMT express:router:layer new '/login/forgot_password'
Fri, 17 Jul 2026 17:56:26 GMT express:router:route acl '/login/forgot_password'
Fri, 17 Jul 2026 17:56:26 GMT express:router:layer new '/'
Fri, 17 Jul 2026 17:56:26 GMT express:router:route bind '/login/forgot_password'
Fri, 17 Jul 2026 17:56:26 GMT express:router:layer new '/'
Fri, 17 Jul 2026 17:56:26 GMT express:router:route checkout '/login/forgot_password'
Fri, 17 Jul 2026 17:56:26 GMT express:router:layer new '/'
Fri, 17 Jul 2026 17:56:26 GMT express:router:route connect '/login/forgot_password'
Fri, 17 Jul 2026 17:56:26 GMT express:router:layer new '/'
Fri, 17 Jul 2026 17:56:26 GMT express:router:route copy '/login/forgot_password'
Fri, 17 Jul 2026 17:56:26 GMT express:router:layer new '/'
Fri, 17 Jul 2026 17:56:26 GMT express:router:route delete '/login/forgot_password'
Fri, 17 Jul 2026 17:56:26 GMT express:router:layer new '/'
Fri, 17 Jul 2026 17:56:26 GMT express:router:route get '/login/forgot_password'
Fri, 17 Jul 2026 17:56:26 GMT express:router:layer new '/'
Fri, 17 Jul 2026 17:56:26 GMT express:router:route head '/login/forgot_password'
Fri, 17 Jul 2026 17:56:26 GMT express:router:layer new '/'
Fri, 17 Jul 2026 17:56:26 GMT express:router:route link '/login/forgot_password'
Fri, 17 Jul 2026 17:56:26 GMT express:router:layer new '/'
Fri, 17 Jul 2026 17:56:26 GMT express:router:route lock '/login/forgot_password'
Fri, 17 Jul 2026 17:56:26 GMT express:router:layer new '/'
Fri, 17 Jul 2026 17:56:26 GMT express:router:route m-search '/login/forgot_password'
Fri, 17 Jul 2026 17:56:26 GMT express:router:layer new '/'
Fri, 17 Jul 2026 17:56:26 GMT express:router:route merge '/login/forgot_password'
Fri, 17 Jul 2026 17:56:26 GMT express:router:layer new '/'
Fri, 17 Jul 2026 17:56:26 GMT express:router:route mkactivity '/login/forgot_password'
Fri, 17 Jul 2026 17:56:26 GMT express:router:layer new '/'
Fri, 17 Jul 2026 17:56:26 GMT express:router:route mkcalendar '/login/forgot_password'
Fri, 17 Jul 2026 17:56:26 GMT express:router:layer new '/'
Fri, 17 Jul 2026 17:56:26 GMT express:router:route mkcol '/login/forgot_password'
Fri, 17 Jul 2026 17:56:26 GMT express:router:layer new '/'
Fri, 17 Jul 2026 17:56:26 GMT express:router:route move '/login/forgot_password'
Fri, 17 Jul 2026 17:56:26 GMT express:router:layer new '/'
Fri, 17 Jul 2026 17:56:26 GMT express:router:route notify '/login/forgot_password'
Fri, 17 Jul 2026 17:56:26 GMT express:router:layer new '/'
Fri, 17 Jul 2026 17:56:26 GMT express:router:route options '/login/forgot_password'
Fri, 17 Jul 2026 17:56:26 GMT express:router:layer new '/'
Fri, 17 Jul 2026 17:56:26 GMT express:router:route patch '/login/forgot_password'
Fri, 17 Jul 2026 17:56:26 GMT express:router:layer new '/'
Fri, 17 Jul 2026 17:56:26 GMT express:router:route post '/login/forgot_password'
Fri, 17 Jul 2026 17:56:26 GMT express:router:layer new '/'
Fri, 17 Jul 2026 17:56:26 GMT express:router:route propfind '/login/forgot_password'
Fri, 17 Jul 2026 17:56:26 GMT express:router:layer new '/'
Fri, 17 Jul 2026 17:56:26 GMT express:router:route proppatch '/login/forgot_password'
Fri, 17 Jul 2026 17:56:26 GMT express:router:layer new '/'
Fri, 17 Jul 2026 17:56:26 GMT express:router:route purge '/login/forgot_password'
Fri, 17 Jul 2026 17:56:26 GMT express:router:layer new '/'
Fri, 17 Jul 2026 17:56:26 GMT express:router:route put '/login/forgot_password'
Fri, 17 Jul 2026 17:56:26 GMT express:router:layer new '/'
Fri, 17 Jul 2026 17:56:26 GMT express:router:route rebind '/login/forgot_password'
Fri, 17 Jul 2026 17:56:26 GMT express:router:layer new '/'
Fri, 17 Jul 2026 17:56:26 GMT express:router:route report '/login/forgot_password'
Fri, 17 Jul 2026 17:56:26 GMT express:router:layer new '/'
Fri, 17 Jul 2026 17:56:26 GMT express:router:route search '/login/forgot_password'
Fri, 17 Jul 2026 17:56:26 GMT express:router:layer new '/'
Fri, 17 Jul 2026 17:56:26 GMT express:router:route source '/login/forgot_password'
Fri, 17 Jul 2026 17:56:26 GMT express:router:layer new '/'
Fri, 17 Jul 2026 17:56:26 GMT express:router:route subscribe '/login/forgot_password'
Fri, 17 Jul 2026 17:56:26 GMT express:router:layer new '/'
Fri, 17 Jul 2026 17:56:26 GMT express:router:route trace '/login/forgot_password'
Fri, 17 Jul 2026 17:56:26 GMT express:router:layer new '/'
Fri, 17 Jul 2026 17:56:26 GMT express:router:route unbind '/login/forgot_password'
Fri, 17 Jul 2026 17:56:26 GMT express:router:layer new '/'
Fri, 17 Jul 2026 17:56:26 GMT express:router:route unlink '/login/forgot_password'
Fri, 17 Jul 2026 17:56:26 GMT express:router:layer new '/'
Fri, 17 Jul 2026 17:56:26 GMT express:router:route unlock '/login/forgot_password'
Fri, 17 Jul 2026 17:56:26 GMT express:router:layer new '/'
Fri, 17 Jul 2026 17:56:26 GMT express:router:route unsubscribe '/login/forgot_password'
Fri, 17 Jul 2026 17:56:26 GMT express:router:layer new '/'
Fri, 17 Jul 2026 17:56:26 GMT express:router:route new '/logout'
Fri, 17 Jul 2026 17:56:26 GMT express:router:layer new '/logout'
Fri, 17 Jul 2026 17:56:26 GMT express:router:route acl '/logout'
Fri, 17 Jul 2026 17:56:26 GMT express:router:layer new '/'
Fri, 17 Jul 2026 17:56:26 GMT express:router:route bind '/logout'
Fri, 17 Jul 2026 17:56:26 GMT express:router:layer new '/'
Fri, 17 Jul 2026 17:56:26 GMT express:router:route checkout '/logout'
Fri, 17 Jul 2026 17:56:26 GMT express:router:layer new '/'
Fri, 17 Jul 2026 17:56:26 GMT express:router:route connect '/logout'
Fri, 17 Jul 2026 17:56:26 GMT express:router:layer new '/'
Fri, 17 Jul 2026 17:56:26 GMT express:router:route copy '/logout'
Fri, 17 Jul 2026 17:56:26 GMT express:router:layer new '/'
Fri, 17 Jul 2026 17:56:26 GMT express:router:route delete '/logout'
Fri, 17 Jul 2026 17:56:26 GMT express:router:layer new '/'
Fri, 17 Jul 2026 17:56:26 GMT express:router:route get '/logout'
Fri, 17 Jul 2026 17:56:26 GMT express:router:layer new '/'
Fri, 17 Jul 2026 17:56:26 GMT express:router:route head '/logout'
Fri, 17 Jul 2026 17:56:26 GMT express:router:layer new '/'
Fri, 17 Jul 2026 17:56:26 GMT express:router:route link '/logout'
Fri, 17 Jul 2026 17:56:26 GMT express:router:layer new '/'
Fri, 17 Jul 2026 17:56:26 GMT express:router:route lock '/logout'
Fri, 17 Jul 2026 17:56:26 GMT express:router:layer new '/'
Fri, 17 Jul 2026 17:56:26 GMT express:router:route m-search '/logout'
Fri, 17 Jul 2026 17:56:26 GMT express:router:layer new '/'
Fri, 17 Jul 2026 17:56:26 GMT express:router:route merge '/logout'
Fri, 17 Jul 2026 17:56:26 GMT express:router:layer new '/'
Fri, 17 Jul 2026 17:56:26 GMT express:router:route mkactivity '/logout'
Fri, 17 Jul 2026 17:56:26 GMT express:router:layer new '/'
Fri, 17 Jul 2026 17:56:26 GMT express:router:route mkcalendar '/logout'
Fri, 17 Jul 2026 17:56:26 GMT express:router:layer new '/'
Fri, 17 Jul 2026 17:56:26 GMT express:router:route mkcol '/logout'
Fri, 17 Jul 2026 17:56:26 GMT express:router:layer new '/'
Fri, 17 Jul 2026 17:56:26 GMT express:router:route move '/logout'
Fri, 17 Jul 2026 17:56:26 GMT express:router:layer new '/'
Fri, 17 Jul 2026 17:56:26 GMT express:router:route notify '/logout'
Fri, 17 Jul 2026 17:56:26 GMT express:router:layer new '/'
Fri, 17 Jul 2026 17:56:26 GMT express:router:route options '/logout'
Fri, 17 Jul 2026 17:56:26 GMT express:router:layer new '/'
Fri, 17 Jul 2026 17:56:26 GMT express:router:route patch '/logout'
Fri, 17 Jul 2026 17:56:26 GMT express:router:layer new '/'
Fri, 17 Jul 2026 17:56:26 GMT express:router:route post '/logout'
Fri, 17 Jul 2026 17:56:26 GMT express:router:layer new '/'
Fri, 17 Jul 2026 17:56:26 GMT express:router:route propfind '/logout'
Fri, 17 Jul 2026 17:56:26 GMT express:router:layer new '/'
Fri, 17 Jul 2026 17:56:26 GMT express:router:route proppatch '/logout'
Fri, 17 Jul 2026 17:56:26 GMT express:router:layer new '/'
Fri, 17 Jul 2026 17:56:26 GMT express:router:route purge '/logout'
Fri, 17 Jul 2026 17:56:26 GMT express:router:layer new '/'
Fri, 17 Jul 2026 17:56:26 GMT express:router:route put '/logout'
Fri, 17 Jul 2026 17:56:26 GMT express:router:layer new '/'
Fri, 17 Jul 2026 17:56:26 GMT express:router:route rebind '/logout'
Fri, 17 Jul 2026 17:56:26 GMT express:router:layer new '/'
Fri, 17 Jul 2026 17:56:26 GMT express:router:route report '/logout'
Fri, 17 Jul 2026 17:56:26 GMT express:router:layer new '/'
Fri, 17 Jul 2026 17:56:26 GMT express:router:route search '/logout'
Fri, 17 Jul 2026 17:56:26 GMT express:router:layer new '/'
Fri, 17 Jul 2026 17:56:26 GMT express:router:route source '/logout'
Fri, 17 Jul 2026 17:56:26 GMT express:router:layer new '/'
Fri, 17 Jul 2026 17:56:26 GMT express:router:route subscribe '/logout'
Fri, 17 Jul 2026 17:56:26 GMT express:router:layer new '/'
Fri, 17 Jul 2026 17:56:26 GMT express:router:route trace '/logout'
Fri, 17 Jul 2026 17:56:26 GMT express:router:layer new '/'
Fri, 17 Jul 2026 17:56:26 GMT express:router:route unbind '/logout'
Fri, 17 Jul 2026 17:56:26 GMT express:router:layer new '/'
Fri, 17 Jul 2026 17:56:26 GMT express:router:route unlink '/logout'
Fri, 17 Jul 2026 17:56:26 GMT express:router:layer new '/'
Fri, 17 Jul 2026 17:56:26 GMT express:router:route unlock '/logout'
Fri, 17 Jul 2026 17:56:26 GMT express:router:layer new '/'
Fri, 17 Jul 2026 17:56:26 GMT express:router:route unsubscribe '/logout'
Fri, 17 Jul 2026 17:56:26 GMT express:router:layer new '/'
Fri, 17 Jul 2026 17:56:26 GMT express:router:route new '*'
Fri, 17 Jul 2026 17:56:26 GMT express:router:layer new '*'
Fri, 17 Jul 2026 17:56:26 GMT express:router:layer new '/'
Fri, 17 Jul 2026 17:56:26 GMT express:router:route new '*'
Fri, 17 Jul 2026 17:56:26 GMT express:router:layer new '*'
Fri, 17 Jul 2026 17:56:26 GMT express:router:layer new '/'
Fri, 17 Jul 2026 17:56:26 GMT express:router:route new '/login'
Fri, 17 Jul 2026 17:56:26 GMT express:router:layer new '/login'
Fri, 17 Jul 2026 17:56:26 GMT express:router:layer new '/'
Fri, 17 Jul 2026 17:56:26 GMT express:router:route new '/login/forgot_password'
Fri, 17 Jul 2026 17:56:26 GMT express:router:layer new '/login/forgot_password'
Fri, 17 Jul 2026 17:56:26 GMT express:router:layer new '/'
Fri, 17 Jul 2026 17:56:26 GMT express:router:route new '/login/forgot_password_reset'
Fri, 17 Jul 2026 17:56:26 GMT express:router:layer new '/login/forgot_password_reset'
Fri, 17 Jul 2026 17:56:26 GMT express:router:layer new '/'
Fri, 17 Jul 2026 17:56:26 GMT express:router:route new '/application.css'
Fri, 17 Jul 2026 17:56:26 GMT express:router:layer new '/application.css'
Fri, 17 Jul 2026 17:56:26 GMT express:router:route get '/application.css'
Fri, 17 Jul 2026 17:56:26 GMT express:router:layer new '/'
Fri, 17 Jul 2026 17:56:26 GMT express:router:route new '*'
Fri, 17 Jul 2026 17:56:26 GMT express:router:layer new '*'
Fri, 17 Jul 2026 17:56:26 GMT express:router:layer new '/'
Fri, 17 Jul 2026 17:56:26 GMT express:router:route new '*'
Fri, 17 Jul 2026 17:56:26 GMT express:router:layer new '*'
Fri, 17 Jul 2026 17:56:26 GMT express:router:layer new '/'
Fri, 17 Jul 2026 17:56:26 GMT express:router:route new '/logout'
Fri, 17 Jul 2026 17:56:26 GMT express:router:layer new '/logout'
Fri, 17 Jul 2026 17:56:26 GMT express:router:route get '/logout'
Fri, 17 Jul 2026 17:56:26 GMT express:router:layer new '/'
Fri, 17 Jul 2026 17:56:26 GMT express:router:route new '/application.js'
Fri, 17 Jul 2026 17:56:26 GMT express:router:layer new '/application.js'
Fri, 17 Jul 2026 17:56:26 GMT express:router:route get '/application.js'
Fri, 17 Jul 2026 17:56:26 GMT express:router:layer new '/'
Fri, 17 Jul 2026 17:56:26 GMT express:router:route new /^\/js\/jsHarmony.render.js/
Fri, 17 Jul 2026 17:56:26 GMT express:router:layer new /^\/js\/jsHarmony.render.js/
Fri, 17 Jul 2026 17:56:26 GMT express:router:route get /^\/js\/jsHarmony.render.js/ { fast_star: false, fast_slash: false }
Fri, 17 Jul 2026 17:56:26 GMT express:router:layer new '/'
Fri, 17 Jul 2026 17:56:26 GMT express:router:route new /^\/js\/jsHarmony.loader.js/
Fri, 17 Jul 2026 17:56:26 GMT express:router:layer new /^\/js\/jsHarmony.loader.js/
Fri, 17 Jul 2026 17:56:26 GMT express:router:route get /^\/js\/jsHarmony.loader.js/ { fast_star: false, fast_slash: false }
Fri, 17 Jul 2026 17:56:26 GMT express:router:layer new '/'
Fri, 17 Jul 2026 17:56:26 GMT express:router:route new '/_funcs/LOG_DOWNLOAD'
Fri, 17 Jul 2026 17:56:26 GMT express:router:layer new '/_funcs/LOG_DOWNLOAD'
Fri, 17 Jul 2026 17:56:26 GMT express:router:layer new '/'
Fri, 17 Jul 2026 17:56:26 GMT express:router:route new '/_funcs/LOG'
Fri, 17 Jul 2026 17:56:26 GMT express:router:layer new '/_funcs/LOG'
Fri, 17 Jul 2026 17:56:26 GMT express:router:layer new '/'
Fri, 17 Jul 2026 17:56:26 GMT express:router:route new '/_funcs/SUGGEST_FEATURE'
Fri, 17 Jul 2026 17:56:26 GMT express:router:layer new '/_funcs/SUGGEST_FEATURE'
Fri, 17 Jul 2026 17:56:26 GMT express:router:layer new '/'
Fri, 17 Jul 2026 17:56:26 GMT express:router:route new '/_funcs/DEV_DB_SCRIPTS'
Fri, 17 Jul 2026 17:56:26 GMT express:router:layer new '/_funcs/DEV_DB_SCRIPTS'
Fri, 17 Jul 2026 17:56:26 GMT express:router:layer new '/'
Fri, 17 Jul 2026 17:56:26 GMT express:router:route new '/_funcs/DEV_DB_OBJECTS'
Fri, 17 Jul 2026 17:56:26 GMT express:router:layer new '/_funcs/DEV_DB_OBJECTS'
Fri, 17 Jul 2026 17:56:26 GMT express:router:layer new '/'
Fri, 17 Jul 2026 17:56:26 GMT express:router:route new '/_funcs/DEV_DB_UPGRADE'
Fri, 17 Jul 2026 17:56:26 GMT express:router:layer new '/_funcs/DEV_DB_UPGRADE'
Fri, 17 Jul 2026 17:56:26 GMT express:router:layer new '/'
Fri, 17 Jul 2026 17:56:26 GMT express:router:route new '/_funcs/DEV_DB_DIFF'
Fri, 17 Jul 2026 17:56:26 GMT express:router:layer new '/_funcs/DEV_DB_DIFF'
Fri, 17 Jul 2026 17:56:26 GMT express:router:layer new '/'
Fri, 17 Jul 2026 17:56:26 GMT express:router:route new '/_funcs/DEV_DB_SCHEMA'
Fri, 17 Jul 2026 17:56:26 GMT express:router:layer new '/_funcs/DEV_DB_SCHEMA'
Fri, 17 Jul 2026 17:56:26 GMT express:router:layer new '/'
Fri, 17 Jul 2026 17:56:26 GMT express:router:route new '/_funcs/DEV_MODELS'
Fri, 17 Jul 2026 17:56:26 GMT express:router:layer new '/_funcs/DEV_MODELS'
Fri, 17 Jul 2026 17:56:26 GMT express:router:layer new '/'
Fri, 17 Jul 2026 17:56:26 GMT express:router:route new '/_funcs/DEV_EMAILTEST'
Fri, 17 Jul 2026 17:56:26 GMT express:router:layer new '/_funcs/DEV_EMAILTEST'
Fri, 17 Jul 2026 17:56:26 GMT express:router:layer new '/'
Fri, 17 Jul 2026 17:56:26 GMT express:router:route new '/_ul/clear'
Fri, 17 Jul 2026 17:56:26 GMT express:router:layer new '/_ul/clear'
Fri, 17 Jul 2026 17:56:26 GMT express:router:route post '/_ul/clear'
Fri, 17 Jul 2026 17:56:26 GMT express:router:layer new '/'
Fri, 17 Jul 2026 17:56:26 GMT express:router:route new '/_ul/ckeditor'
Fri, 17 Jul 2026 17:56:26 GMT express:router:layer new '/_ul/ckeditor'
Fri, 17 Jul 2026 17:56:26 GMT express:router:route post '/_ul/ckeditor'
Fri, 17 Jul 2026 17:56:26 GMT express:router:layer new '/'
Fri, 17 Jul 2026 17:56:26 GMT express:router:route new '/_ul/'
Fri, 17 Jul 2026 17:56:26 GMT express:router:layer new '/_ul/'
Fri, 17 Jul 2026 17:56:26 GMT express:router:route post '/_ul/'
Fri, 17 Jul 2026 17:56:26 GMT express:router:layer new '/'
Fri, 17 Jul 2026 17:56:26 GMT express:router:route new '/_ul/json'
Fri, 17 Jul 2026 17:56:26 GMT express:router:layer new '/_ul/json'
Fri, 17 Jul 2026 17:56:26 GMT express:router:route post '/_ul/json'
Fri, 17 Jul 2026 17:56:26 GMT express:router:layer new '/'
Fri, 17 Jul 2026 17:56:26 GMT express:router:route new '/_dl/_temp/:keyid'
Fri, 17 Jul 2026 17:56:26 GMT express:router:layer new '/_dl/_temp/:keyid'
Fri, 17 Jul 2026 17:56:26 GMT express:router:route get '/_dl/_temp/:keyid'
Fri, 17 Jul 2026 17:56:26 GMT express:router:layer new '/'
Fri, 17 Jul 2026 17:56:26 GMT express:router:route new /^\/_dl\/(.*)\/([^/]*)\/([^/]*)/
Fri, 17 Jul 2026 17:56:26 GMT express:router:layer new /^\/_dl\/(.*)\/([^/]*)\/([^/]*)/
Fri, 17 Jul 2026 17:56:26 GMT express:router:route get /^\/_dl\/(.*)\/([^/]*)\/([^/]*)/ { fast_star: false, fast_slash: false }
Fri, 17 Jul 2026 17:56:26 GMT express:router:layer new '/'
Fri, 17 Jul 2026 17:56:26 GMT express:router:route new '/_token'
Fri, 17 Jul 2026 17:56:26 GMT express:router:layer new '/_token'
Fri, 17 Jul 2026 17:56:26 GMT express:router:route get '/_token'
Fri, 17 Jul 2026 17:56:26 GMT express:router:layer new '/'
Fri, 17 Jul 2026 17:56:26 GMT express:router:route new '/_d/_transaction'
Fri, 17 Jul 2026 17:56:26 GMT express:router:layer new '/_d/_transaction'
Fri, 17 Jul 2026 17:56:26 GMT express:router:route post '/_d/_transaction'
Fri, 17 Jul 2026 17:56:26 GMT express:router:layer new '/'
Fri, 17 Jul 2026 17:56:26 GMT express:router:route new /^\/_d\/_report\/(.*)/
Fri, 17 Jul 2026 17:56:26 GMT express:router:layer new /^\/_d\/_report\/(.*)/
Fri, 17 Jul 2026 17:56:26 GMT express:router:route get /^\/_d\/_report\/(.*)/ { fast_star: false, fast_slash: false }
Fri, 17 Jul 2026 17:56:26 GMT express:router:layer new '/'
Fri, 17 Jul 2026 17:56:26 GMT express:router:route new /^\/_d\/_report_download\/(.*)/
Fri, 17 Jul 2026 17:56:26 GMT express:router:layer new /^\/_d\/_report_download\/(.*)/
Fri, 17 Jul 2026 17:56:26 GMT express:router:route get /^\/_d\/_report_download\/(.*)/ { fast_star: false, fast_slash: false }
Fri, 17 Jul 2026 17:56:26 GMT express:router:layer new '/'
Fri, 17 Jul 2026 17:56:26 GMT express:router:route new /^\/_d\/_report_html\/(.*)/
Fri, 17 Jul 2026 17:56:26 GMT express:router:layer new /^\/_d\/_report_html\/(.*)/
Fri, 17 Jul 2026 17:56:26 GMT express:router:route get /^\/_d\/_report_html\/(.*)/ { fast_star: false, fast_slash: false }
Fri, 17 Jul 2026 17:56:26 GMT express:router:layer new '/'
Fri, 17 Jul 2026 17:56:26 GMT express:router:route new /^\/_d\/_reportjob\/(.*)/
Fri, 17 Jul 2026 17:56:26 GMT express:router:layer new /^\/_d\/_reportjob\/(.*)/
Fri, 17 Jul 2026 17:56:26 GMT express:router:route get /^\/_d\/_reportjob\/(.*)/ { fast_star: false, fast_slash: false }
Fri, 17 Jul 2026 17:56:26 GMT express:router:layer new '/'
Fri, 17 Jul 2026 17:56:26 GMT express:router:route new /^\/_csv\/(.*)/
Fri, 17 Jul 2026 17:56:26 GMT express:router:layer new /^\/_csv\/(.*)/
Fri, 17 Jul 2026 17:56:26 GMT express:router:route get /^\/_csv\/(.*)/ { fast_star: false, fast_slash: false }
Fri, 17 Jul 2026 17:56:26 GMT express:router:layer new '/'
Fri, 17 Jul 2026 17:56:26 GMT express:router:route new '/_queue/:queueid'
Fri, 17 Jul 2026 17:56:26 GMT express:router:layer new '/_queue/:queueid'
Fri, 17 Jul 2026 17:56:26 GMT express:router:route get '/_queue/:queueid'
Fri, 17 Jul 2026 17:56:26 GMT express:router:layer new '/'
Fri, 17 Jul 2026 17:56:26 GMT express:router:route new '/_queue/:queueid'
Fri, 17 Jul 2026 17:56:26 GMT express:router:layer new '/_queue/:queueid'
Fri, 17 Jul 2026 17:56:26 GMT express:router:route delete '/_queue/:queueid'
Fri, 17 Jul 2026 17:56:26 GMT express:router:layer new '/'
Fri, 17 Jul 2026 17:56:26 GMT express:router:route new /^\/_d\/(.*)/
Fri, 17 Jul 2026 17:56:26 GMT express:router:layer new /^\/_d\/(.*)/
Fri, 17 Jul 2026 17:56:26 GMT express:router:layer new '/'
Fri, 17 Jul 2026 17:56:26 GMT express:router:route new '/'
Fri, 17 Jul 2026 17:56:26 GMT express:router:layer new '/'
Fri, 17 Jul 2026 17:56:26 GMT express:router:route get '/'
Fri, 17 Jul 2026 17:56:26 GMT express:router:layer new '/'
Fri, 17 Jul 2026 17:56:26 GMT express:router:route new /^\/_report\/(.*)/
Fri, 17 Jul 2026 17:56:26 GMT express:router:layer new /^\/_report\/(.*)/
Fri, 17 Jul 2026 17:56:26 GMT express:router:route get /^\/_report\/(.*)/ { fast_star: false, fast_slash: false }
Fri, 17 Jul 2026 17:56:26 GMT express:router:layer new '/'
Fri, 17 Jul 2026 17:56:26 GMT express:router:route new /^\/_model\/(.*)/
Fri, 17 Jul 2026 17:56:26 GMT express:router:layer new /^\/_model\/(.*)/
Fri, 17 Jul 2026 17:56:26 GMT express:router:route get /^\/_model\/(.*)/ { fast_star: false, fast_slash: false }
Fri, 17 Jul 2026 17:56:26 GMT express:router:layer new '/'
Fri, 17 Jul 2026 17:56:26 GMT express:router:route new '/_restart'
Fri, 17 Jul 2026 17:56:26 GMT express:router:layer new '/_restart'
Fri, 17 Jul 2026 17:56:26 GMT express:router:route get '/_restart'
Fri, 17 Jul 2026 17:56:26 GMT express:router:layer new '/'
Fri, 17 Jul 2026 17:56:26 GMT express:router:route new '/_listing'
Fri, 17 Jul 2026 17:56:26 GMT express:router:layer new '/_listing'
Fri, 17 Jul 2026 17:56:26 GMT express:router:route get '/_listing'
Fri, 17 Jul 2026 17:56:26 GMT express:router:layer new '/'
Fri, 17 Jul 2026 17:56:26 GMT express:router:route new '/_js/exec'
Fri, 17 Jul 2026 17:56:26 GMT express:router:layer new '/_js/exec'
Fri, 17 Jul 2026 17:56:26 GMT express:router:route post '/_js/exec'
Fri, 17 Jul 2026 17:56:26 GMT express:router:layer new '/'
Fri, 17 Jul 2026 17:56:26 GMT express:router:route new '/_db/exec'
Fri, 17 Jul 2026 17:56:26 GMT express:router:layer new '/_db/exec'
Fri, 17 Jul 2026 17:56:26 GMT express:router:route post '/_db/exec'
Fri, 17 Jul 2026 17:56:26 GMT express:router:layer new '/'
Fri, 17 Jul 2026 17:56:26 GMT express:router:route new /^\/_debug\/(.*)/
Fri, 17 Jul 2026 17:56:26 GMT express:router:layer new /^\/_debug\/(.*)/
Fri, 17 Jul 2026 17:56:26 GMT express:router:route get /^\/_debug\/(.*)/ { fast_star: false, fast_slash: false }
Fri, 17 Jul 2026 17:56:26 GMT express:router:layer new '/'
Fri, 17 Jul 2026 17:56:26 GMT express:router:route new /^\/(.*)/
Fri, 17 Jul 2026 17:56:26 GMT express:router:layer new /^\/(.*)/
Fri, 17 Jul 2026 17:56:26 GMT express:router:route get /^\/(.*)/ { fast_star: false, fast_slash: false }
Fri, 17 Jul 2026 17:56:26 GMT express:router:layer new '/'
Fri, 17 Jul 2026 17:56:26 GMT express:router:route new '*'
Fri, 17 Jul 2026 17:56:26 GMT express:router:layer new '*'
Fri, 17 Jul 2026 17:56:26 GMT express:router:route get '*'
Fri, 17 Jul 2026 17:56:26 GMT express:router:layer new '/'
Fri, 17 Jul 2026 17:56:26 GMT express:router use '/' router
Fri, 17 Jul 2026 17:56:26 GMT express:router:layer new '/'
Fri, 17 Jul 2026 17:56:26 GMT express:router use '/' <anonymous>
Fri, 17 Jul 2026 17:56:26 GMT express:router:layer new '/'
Fri, 17 Jul 2026 17:56:26 GMT express:router use '/' <anonymous>
Fri, 17 Jul 2026 17:56:26 GMT express:router:layer new '/'
NEW Database path: data/db/project.db   (from app.config.js)

===============================
Running CREATE Database Scripts
===============================
Running scripts - init:core:create...
01.sql 1
...OK

=============================
Running INIT Database Scripts
=============================
Running scripts - init:core:init...
01_Create.sql 1
02_System_Data.sql 1
...OK
Running scripts - init:cust:init...
01_Create.sql 1
02_System_Data.sql 1
...OK
Running scripts - application:init...
app.__0__.sql 1

ERROR: Database Operation failed.

Database Creation failed.
