
Running jsHarmony Factory DB Creation Scripts

Initialize client portal?
1) Yes
2) No
1
NEW Database path: data/db/project.db   (from app.config.js)

===============================
Running CREATE Database Scripts
===============================
Running scripts - init:core:create...
01.sql 1
...OK

=============================
Running INIT Database Scripts
=============================
Running scripts - init:core:init...
01_Create.sql 1
02_System_Data.sql 1
...OK
Running scripts - init:cust:init...
01_Create.sql 1
02_System_Data.sql 1
...OK
Running scripts - application:init...
app.__0__.sql 1

ERROR: Database Operation failed.

Database Creation failed.
